<?xml version="1.0" encoding="UTF-8"?>
<!-- Generated by org.testng.reporters.JUnitReportReporter -->
<testsuite hostname="MOHANKRISHNA" failures="0" tests="3" name="Day_013_TestNG_Paraneters1.BrowserTesting_DataProvider3" time="42.781" errors="0" timestamp="2021-09-29T10:19:27 IST" skipped="0">
  <testcase classname="Day_013_TestNG_Paraneters1.BrowserTesting_DataProvider3" name="Test3" time="30.500"/>
  <system-out>
    <![CDATA[<table> <tr >  <img   style="border:1px solid black;"      src="C:\HTML Report\HtmlTemplates\Logo.JPEG"></tr><tr   ><center><font color="red"  size="15" >TC01_Nationality_Iterration_1</font></center></tr><tr bgcolor="#9370DB"> <th width="100px"> <center><font color="white"  size="4" >Steps</font></center><font color="white"  size="4" ></font></center> </th> <th width="450px" ><center><font color="white"  size="4" >Details </font> </center></th> <th width="100px" ><center><font color="white"  size="4" >Status</font></center></th>  <th  width="250px"  ><center><font color="white"  size="4" >Screen Shots</font></center></th> <th width="250px"  ><center><font color="white"  size="4" >Date & Time</font></center></th>  </tr>       
 <tr bgcolor="#eee"> <th width="100px"> <center>Step&nbsp;1</center> </th> <th width="450px" ><center><b><font color='black'>   Open chrome Browser and URL </b> </font></center></th> <th width="100px" ><center><img src='file:///C:\HTML Report\HtmlTemplates\passed.ico'    +     "width="30" + height="30"></img></center></th>  <th  width="250px"  ><center><a href=C:/HTML Report/test-output/TempScreenShots/TC01_Nationality_Iterration_1_2021_Sep_29_10_18_41_929_AM/29_Sep_2021 10_18_48_134 AM.png target="popup" onclick="window.open('C:/HTML Report/test-output/TempScreenShots/TC01_Nationality_Iterration_1_2021_Sep_29_10_18_41_929_AM/29_Sep_2021 10_18_48_134 AM.png','popup','width=600,height=600'); return false;"> ScreenShot</a> </center></th> <th width="250px"  ><center>2021_Sep_29_10_18_51_749_AM</center></th>  </tr>      
 <tr bgcolor="#ddd"> <th width="100px"> <center>Step&nbsp;2</center> </th> <th width="450px" ><center><b><font color='black'>   UserName Entered</b> </font></center></th> <th width="100px" ><center><img src='file:///C:\HTML Report\HtmlTemplates\passed.ico'    +     "width="30" + height="30"></img></center></th>  <th  width="250px"  ><center><a href=C:/HTML Report/test-output/TempScreenShots/TC01_Nationality_Iterration_1_2021_Sep_29_10_18_41_929_AM/29_Sep_2021 10_18_52_890 AM.png target="popup" onclick="window.open('C:/HTML Report/test-output/TempScreenShots/TC01_Nationality_Iterration_1_2021_Sep_29_10_18_41_929_AM/29_Sep_2021 10_18_52_890 AM.png','popup','width=600,height=600'); return false;"> ScreenShot</a> </center></th> <th width="250px"  ><center>2021_Sep_29_10_18_53_359_AM</center></th>  </tr>      
 <tr bgcolor="#eee"> <th width="100px"> <center>Step&nbsp;3</center> </th> <th width="450px" ><center><b><font color='black'>   Password Entered</b> </font></center></th> <th width="100px" ><center><img src='file:///C:\HTML Report\HtmlTemplates\passed.ico'    +     "width="30" + height="30"></img></center></th>  <th  width="250px"  ><center><a href=C:/HTML Report/test-output/TempScreenShots/TC01_Nationality_Iterration_1_2021_Sep_29_10_18_41_929_AM/29_Sep_2021 10_18_53_635 AM.png target="popup" onclick="window.open('C:/HTML Report/test-output/TempScreenShots/TC01_Nationality_Iterration_1_2021_Sep_29_10_18_41_929_AM/29_Sep_2021 10_18_53_635 AM.png','popup','width=600,height=600'); return false;"> ScreenShot</a> </center></th> <th width="250px"  ><center>2021_Sep_29_10_18_53_872_AM</center></th>  </tr>      
 <tr bgcolor="#ddd"> <th width="100px"> <center>Step&nbsp;4</center> </th> <th width="450px" ><center><b><font color='black'>   Sign In  Clicked</b> </font></center></th> <th width="100px" ><center><img src='file:///C:\HTML Report\HtmlTemplates\passed.ico'    +     "width="30" + height="30"></img></center></th>  <th  width="250px"  ><center><a href=C:/HTML Report/test-output/TempScreenShots/TC01_Nationality_Iterration_1_2021_Sep_29_10_18_41_929_AM/29_Sep_2021 10_19_02_657 AM.png target="popup" onclick="window.open('C:/HTML Report/test-output/TempScreenShots/TC01_Nationality_Iterration_1_2021_Sep_29_10_18_41_929_AM/29_Sep_2021 10_19_02_657 AM.png','popup','width=600,height=600'); return false;"> ScreenShot</a> </center></th> <th width="250px"  ><center>2021_Sep_29_10_19_02_880_AM</center></th>  </tr>      
 <tr bgcolor="#eee"> <th width="100px"> <center>Step&nbsp;5</center> </th> <th width="450px" ><center><b><font color='black'>   Clicked on Admin </b> </font></center></th> <th width="100px" ><center><img src='file:///C:\HTML Report\HtmlTemplates\passed.ico'    +     "width="30" + height="30"></img></center></th>  <th  width="250px"  ><center><a href=C:/HTML Report/test-output/TempScreenShots/TC01_Nationality_Iterration_1_2021_Sep_29_10_18_41_929_AM/29_Sep_2021 10_19_02_963 AM.png target="popup" onclick="window.open('C:/HTML Report/test-output/TempScreenShots/TC01_Nationality_Iterration_1_2021_Sep_29_10_18_41_929_AM/29_Sep_2021 10_19_02_963 AM.png','popup','width=600,height=600'); return false;"> ScreenShot</a> </center></th> <th width="250px"  ><center>2021_Sep_29_10_19_03_184_AM</center></th>  </tr>      
 <tr bgcolor="#ddd"> <th width="100px"> <center>Step&nbsp;6</center> </th> <th width="450px" ><center><b><font color='black'>   Clicked on Nationality </b> </font></center></th> <th width="100px" ><center><img src='file:///C:\HTML Report\HtmlTemplates\passed.ico'    +     "width="30" + height="30"></img></center></th>  <th  width="250px"  ><center><a href=C:/HTML Report/test-output/TempScreenShots/TC01_Nationality_Iterration_1_2021_Sep_29_10_18_41_929_AM/29_Sep_2021 10_19_07_362 AM.png target="popup" onclick="window.open('C:/HTML Report/test-output/TempScreenShots/TC01_Nationality_Iterration_1_2021_Sep_29_10_18_41_929_AM/29_Sep_2021 10_19_07_362 AM.png','popup','width=600,height=600'); return false;"> ScreenShot</a> </center></th> <th width="250px"  ><center>2021_Sep_29_10_19_07_574_AM</center></th>  </tr>      
 <tr bgcolor="#eee"> <th width="100px"> <center>Step&nbsp;7</center> </th> <th width="450px" ><center><b><font color='black'>   Clicked on Nationality Add </b> </font></center></th> <th width="100px" ><center><img src='file:///C:\HTML Report\HtmlTemplates\passed.ico'    +     "width="30" + height="30"></img></center></th>  <th  width="250px"  ><center><a href=C:/HTML Report/test-output/TempScreenShots/TC01_Nationality_Iterration_1_2021_Sep_29_10_18_41_929_AM/29_Sep_2021 10_19_10_647 AM.png target="popup" onclick="window.open('C:/HTML Report/test-output/TempScreenShots/TC01_Nationality_Iterration_1_2021_Sep_29_10_18_41_929_AM/29_Sep_2021 10_19_10_647 AM.png','popup','width=600,height=600'); return false;"> ScreenShot</a> </center></th> <th width="250px"  ><center>2021_Sep_29_10_19_10_847_AM</center></th>  </tr>      
 <tr bgcolor="#ddd"> <th width="100px"> <center>Step&nbsp;8</center> </th> <th width="450px" ><center><b><font color='black'>   Entered Nationality Text</b> </font></center></th> <th width="100px" ><center><img src='file:///C:\HTML Report\HtmlTemplates\passed.ico'    +     "width="30" + height="30"></img></center></th>  <th  width="250px"  ><center><a href=C:/HTML Report/test-output/TempScreenShots/TC01_Nationality_Iterration_1_2021_Sep_29_10_18_41_929_AM/29_Sep_2021 10_19_11_140 AM.png target="popup" onclick="window.open('C:/HTML Report/test-output/TempScreenShots/TC01_Nationality_Iterration_1_2021_Sep_29_10_18_41_929_AM/29_Sep_2021 10_19_11_140 AM.png','popup','width=600,height=600'); return false;"> ScreenShot</a> </center></th> <th width="250px"  ><center>2021_Sep_29_10_19_11_347_AM</center></th>  </tr>      
 <tr bgcolor="#eee"> <th width="100px"> <center>Step&nbsp;9</center> </th> <th width="450px" ><center><b><font color='black'>   Clicked on Nationality Save</b> </font></center></th> <th width="100px" ><center><img src='file:///C:\HTML Report\HtmlTemplates\passed.ico'    +     "width="30" + height="30"></img></center></th>  <th  width="250px"  ><center><a href=C:/HTML Report/test-output/TempScreenShots/TC01_Nationality_Iterration_1_2021_Sep_29_10_18_41_929_AM/29_Sep_2021 10_19_11_545 AM.png target="popup" onclick="window.open('C:/HTML Report/test-output/TempScreenShots/TC01_Nationality_Iterration_1_2021_Sep_29_10_18_41_929_AM/29_Sep_2021 10_19_11_545 AM.png','popup','width=600,height=600'); return false;"> ScreenShot</a> </center></th> <th width="250px"  ><center>2021_Sep_29_10_19_11_768_AM</center></th>  </tr>      
 <tr bgcolor="#ddd"> <th width="100px"> <center>Step&nbsp;10</center> </th> <th width="450px" ><center><b><font color='black'>   Scroll Nationality </b> </font></center></th> <th width="100px" ><center><img src='file:///C:\HTML Report\HtmlTemplates\passed.ico'    +     "width="30" + height="30"></img></center></th>  <th  width="250px"  ><center><a href=C:/HTML Report/test-output/TempScreenShots/TC01_Nationality_Iterration_1_2021_Sep_29_10_18_41_929_AM/29_Sep_2021 10_19_12_049 AM.png target="popup" onclick="window.open('C:/HTML Report/test-output/TempScreenShots/TC01_Nationality_Iterration_1_2021_Sep_29_10_18_41_929_AM/29_Sep_2021 10_19_12_049 AM.png','popup','width=600,height=600'); return false;"> ScreenShot</a> </center></th> <th width="250px"  ><center>2021_Sep_29_10_19_12_374_AM</center></th>  </tr>      ]]>
  </system-out>
  <testcase classname="Day_013_TestNG_Paraneters1.BrowserTesting_DataProvider3" name="Test3" time="5.171"/>
  <system-out>
    <![CDATA[<table> <tr >  <img   style="border:1px solid black;"      src="C:\HTML Report\HtmlTemplates\Logo.JPEG"></tr><tr   ><center><font color="red"  size="15" >TC01_Nationality_Iterration_3</font></center></tr><tr bgcolor="#9370DB"> <th width="100px"> <center><font color="white"  size="4" >Steps</font></center><font color="white"  size="4" ></font></center> </th> <th width="450px" ><center><font color="white"  size="4" >Details </font> </center></th> <th width="100px" ><center><font color="white"  size="4" >Status</font></center></th>  <th  width="250px"  ><center><font color="white"  size="4" >Screen Shots</font></center></th> <th width="250px"  ><center><font color="white"  size="4" >Date & Time</font></center></th>  </tr>       
 <tr bgcolor="#eee"> <th width="100px"> <center>Step&nbsp;1</center> </th> <th width="450px" ><center><b><font color='black'>   Clicked on Admin </b> </font></center></th> <th width="100px" ><center><img src='file:///C:\HTML Report\HtmlTemplates\passed.ico'    +     "width="30" + height="30"></img></center></th>  <th  width="250px"  ><center><a href=C:/HTML Report/test-output/TempScreenShots/TC01_Nationality_Iterration_3_2021_Sep_29_10_19_19_573_AM/29_Sep_2021 10_19_19_614 AM.png target="popup" onclick="window.open('C:/HTML Report/test-output/TempScreenShots/TC01_Nationality_Iterration_3_2021_Sep_29_10_19_19_573_AM/29_Sep_2021 10_19_19_614 AM.png','popup','width=600,height=600'); return false;"> ScreenShot</a> </center></th> <th width="250px"  ><center>2021_Sep_29_10_19_19_822_AM</center></th>  </tr>      
 <tr bgcolor="#ddd"> <th width="100px"> <center>Step&nbsp;2</center> </th> <th width="450px" ><center><b><font color='black'>   Clicked on Nationality </b> </font></center></th> <th width="100px" ><center><img src='file:///C:\HTML Report\HtmlTemplates\passed.ico'    +     "width="30" + height="30"></img></center></th>  <th  width="250px"  ><center><a href=C:/HTML Report/test-output/TempScreenShots/TC01_Nationality_Iterration_3_2021_Sep_29_10_19_19_573_AM/29_Sep_2021 10_19_21_717 AM.png target="popup" onclick="window.open('C:/HTML Report/test-output/TempScreenShots/TC01_Nationality_Iterration_3_2021_Sep_29_10_19_19_573_AM/29_Sep_2021 10_19_21_717 AM.png','popup','width=600,height=600'); return false;"> ScreenShot</a> </center></th> <th width="250px"  ><center>2021_Sep_29_10_19_21_908_AM</center></th>  </tr>      
 <tr bgcolor="#eee"> <th width="100px"> <center>Step&nbsp;3</center> </th> <th width="450px" ><center><b><font color='black'>   Clicked on Nationality Add </b> </font></center></th> <th width="100px" ><center><img src='file:///C:\HTML Report\HtmlTemplates\passed.ico'    +     "width="30" + height="30"></img></center></th>  <th  width="250px"  ><center><a href=C:/HTML Report/test-output/TempScreenShots/TC01_Nationality_Iterration_3_2021_Sep_29_10_19_19_573_AM/29_Sep_2021 10_19_23_490 AM.png target="popup" onclick="window.open('C:/HTML Report/test-output/TempScreenShots/TC01_Nationality_Iterration_3_2021_Sep_29_10_19_19_573_AM/29_Sep_2021 10_19_23_490 AM.png','popup','width=600,height=600'); return false;"> ScreenShot</a> </center></th> <th width="250px"  ><center>2021_Sep_29_10_19_23_673_AM</center></th>  </tr>      
 <tr bgcolor="#ddd"> <th width="100px"> <center>Step&nbsp;4</center> </th> <th width="450px" ><center><b><font color='black'>   Entered Nationality Text</b> </font></center></th> <th width="100px" ><center><img src='file:///C:\HTML Report\HtmlTemplates\passed.ico'    +     "width="30" + height="30"></img></center></th>  <th  width="250px"  ><center><a href=C:/HTML Report/test-output/TempScreenShots/TC01_Nationality_Iterration_3_2021_Sep_29_10_19_19_573_AM/29_Sep_2021 10_19_23_884 AM.png target="popup" onclick="window.open('C:/HTML Report/test-output/TempScreenShots/TC01_Nationality_Iterration_3_2021_Sep_29_10_19_19_573_AM/29_Sep_2021 10_19_23_884 AM.png','popup','width=600,height=600'); return false;"> ScreenShot</a> </center></th> <th width="250px"  ><center>2021_Sep_29_10_19_24_060_AM</center></th>  </tr>      
 <tr bgcolor="#eee"> <th width="100px"> <center>Step&nbsp;5</center> </th> <th width="450px" ><center><b><font color='black'>   Clicked on Nationality Save</b> </font></center></th> <th width="100px" ><center><img src='file:///C:\HTML Report\HtmlTemplates\passed.ico'    +     "width="30" + height="30"></img></center></th>  <th  width="250px"  ><center><a href=C:/HTML Report/test-output/TempScreenShots/TC01_Nationality_Iterration_3_2021_Sep_29_10_19_19_573_AM/29_Sep_2021 10_19_24_183 AM.png target="popup" onclick="window.open('C:/HTML Report/test-output/TempScreenShots/TC01_Nationality_Iterration_3_2021_Sep_29_10_19_19_573_AM/29_Sep_2021 10_19_24_183 AM.png','popup','width=600,height=600'); return false;"> ScreenShot</a> </center></th> <th width="250px"  ><center>2021_Sep_29_10_19_24_337_AM</center></th>  </tr>      
 <tr bgcolor="#ddd"> <th width="100px"> <center>Step&nbsp;6</center> </th> <th width="450px" ><center><b><font color='black'>   Scroll Nationality </b> </font></center></th> <th width="100px" ><center><img src='file:///C:\HTML Report\HtmlTemplates\passed.ico'    +     "width="30" + height="30"></img></center></th>  <th  width="250px"  ><center><a href=C:/HTML Report/test-output/TempScreenShots/TC01_Nationality_Iterration_3_2021_Sep_29_10_19_19_573_AM/29_Sep_2021 10_19_24_555 AM.png target="popup" onclick="window.open('C:/HTML Report/test-output/TempScreenShots/TC01_Nationality_Iterration_3_2021_Sep_29_10_19_19_573_AM/29_Sep_2021 10_19_24_555 AM.png','popup','width=600,height=600'); return false;"> ScreenShot</a> </center></th> <th width="250px"  ><center>2021_Sep_29_10_19_24_725_AM</center></th>  </tr>      ]]>
  </system-out>
  <testcase classname="Day_013_TestNG_Paraneters1.BrowserTesting_DataProvider3" name="Test3" time="7.110"/>
  <system-out>
    <![CDATA[<table> <tr >  <img   style="border:1px solid black;"      src="C:\HTML Report\HtmlTemplates\Logo.JPEG"></tr><tr   ><center><font color="red"  size="15" >TC01_Nationality_Iterration_2</font></center></tr><tr bgcolor="#9370DB"> <th width="100px"> <center><font color="white"  size="4" >Steps</font></center><font color="white"  size="4" ></font></center> </th> <th width="450px" ><center><font color="white"  size="4" >Details </font> </center></th> <th width="100px" ><center><font color="white"  size="4" >Status</font></center></th>  <th  width="250px"  ><center><font color="white"  size="4" >Screen Shots</font></center></th> <th width="250px"  ><center><font color="white"  size="4" >Date & Time</font></center></th>  </tr>       
 <tr bgcolor="#eee"> <th width="100px"> <center>Step&nbsp;1</center> </th> <th width="450px" ><center><b><font color='black'>   Clicked on Admin </b> </font></center></th> <th width="100px" ><center><img src='file:///C:\HTML Report\HtmlTemplates\passed.ico'    +     "width="30" + height="30"></img></center></th>  <th  width="250px"  ><center><a href=C:/HTML Report/test-output/TempScreenShots/TC01_Nationality_Iterration_2_2021_Sep_29_10_19_12_453_AM/29_Sep_2021 10_19_12_512 AM.png target="popup" onclick="window.open('C:/HTML Report/test-output/TempScreenShots/TC01_Nationality_Iterration_2_2021_Sep_29_10_19_12_453_AM/29_Sep_2021 10_19_12_512 AM.png','popup','width=600,height=600'); return false;"> ScreenShot</a> </center></th> <th width="250px"  ><center>2021_Sep_29_10_19_12_708_AM</center></th>  </tr>      
 <tr bgcolor="#ddd"> <th width="100px"> <center>Step&nbsp;2</center> </th> <th width="450px" ><center><b><font color='black'>   Clicked on Nationality </b> </font></center></th> <th width="100px" ><center><img src='file:///C:\HTML Report\HtmlTemplates\passed.ico'    +     "width="30" + height="30"></img></center></th>  <th  width="250px"  ><center><a href=C:/HTML Report/test-output/TempScreenShots/TC01_Nationality_Iterration_2_2021_Sep_29_10_19_12_453_AM/29_Sep_2021 10_19_15_921 AM.png target="popup" onclick="window.open('C:/HTML Report/test-output/TempScreenShots/TC01_Nationality_Iterration_2_2021_Sep_29_10_19_12_453_AM/29_Sep_2021 10_19_15_921 AM.png','popup','width=600,height=600'); return false;"> ScreenShot</a> </center></th> <th width="250px"  ><center>2021_Sep_29_10_19_16_134_AM</center></th>  </tr>      
 <tr bgcolor="#eee"> <th width="100px"> <center>Step&nbsp;3</center> </th> <th width="450px" ><center><b><font color='black'>   Clicked on Nationality Add </b> </font></center></th> <th width="100px" ><center><img src='file:///C:\HTML Report\HtmlTemplates\passed.ico'    +     "width="30" + height="30"></img></center></th>  <th  width="250px"  ><center><a href=C:/HTML Report/test-output/TempScreenShots/TC01_Nationality_Iterration_2_2021_Sep_29_10_19_12_453_AM/29_Sep_2021 10_19_17_864 AM.png target="popup" onclick="window.open('C:/HTML Report/test-output/TempScreenShots/TC01_Nationality_Iterration_2_2021_Sep_29_10_19_12_453_AM/29_Sep_2021 10_19_17_864 AM.png','popup','width=600,height=600'); return false;"> ScreenShot</a> </center></th> <th width="250px"  ><center>2021_Sep_29_10_19_18_103_AM</center></th>  </tr>      
 <tr bgcolor="#ddd"> <th width="100px"> <center>Step&nbsp;4</center> </th> <th width="450px" ><center><b><font color='black'>   Entered Nationality Text</b> </font></center></th> <th width="100px" ><center><img src='file:///C:\HTML Report\HtmlTemplates\passed.ico'    +     "width="30" + height="30"></img></center></th>  <th  width="250px"  ><center><a href=C:/HTML Report/test-output/TempScreenShots/TC01_Nationality_Iterration_2_2021_Sep_29_10_19_12_453_AM/29_Sep_2021 10_19_18_410 AM.png target="popup" onclick="window.open('C:/HTML Report/test-output/TempScreenShots/TC01_Nationality_Iterration_2_2021_Sep_29_10_19_12_453_AM/29_Sep_2021 10_19_18_410 AM.png','popup','width=600,height=600'); return false;"> ScreenShot</a> </center></th> <th width="250px"  ><center>2021_Sep_29_10_19_18_670_AM</center></th>  </tr>      
 <tr bgcolor="#eee"> <th width="100px"> <center>Step&nbsp;5</center> </th> <th width="450px" ><center><b><font color='black'>   Clicked on Nationality Save</b> </font></center></th> <th width="100px" ><center><img src='file:///C:\HTML Report\HtmlTemplates\passed.ico'    +     "width="30" + height="30"></img></center></th>  <th  width="250px"  ><center><a href=C:/HTML Report/test-output/TempScreenShots/TC01_Nationality_Iterration_2_2021_Sep_29_10_19_12_453_AM/29_Sep_2021 10_19_18_866 AM.png target="popup" onclick="window.open('C:/HTML Report/test-output/TempScreenShots/TC01_Nationality_Iterration_2_2021_Sep_29_10_19_12_453_AM/29_Sep_2021 10_19_18_866 AM.png','popup','width=600,height=600'); return false;"> ScreenShot</a> </center></th> <th width="250px"  ><center>2021_Sep_29_10_19_19_083_AM</center></th>  </tr>      
 <tr bgcolor="#ddd"> <th width="100px"> <center>Step&nbsp;6</center> </th> <th width="450px" ><center><b><font color='black'>   Scroll Nationality </b> </font></center></th> <th width="100px" ><center><img src='file:///C:\HTML Report\HtmlTemplates\passed.ico'    +     "width="30" + height="30"></img></center></th>  <th  width="250px"  ><center><a href=C:/HTML Report/test-output/TempScreenShots/TC01_Nationality_Iterration_2_2021_Sep_29_10_19_12_453_AM/29_Sep_2021 10_19_19_313 AM.png target="popup" onclick="window.open('C:/HTML Report/test-output/TempScreenShots/TC01_Nationality_Iterration_2_2021_Sep_29_10_19_12_453_AM/29_Sep_2021 10_19_19_313 AM.png','popup','width=600,height=600'); return false;"> ScreenShot</a> </center></th> <th width="250px"  ><center>2021_Sep_29_10_19_19_551_AM</center></th>  </tr>      ]]>
  </system-out>
</testsuite> <!-- Day_013_TestNG_Paraneters1.BrowserTesting_DataProvider3 -->
