<?xml version="1.0" encoding="UTF-8"?>
<!-- Generated by org.testng.reporters.JUnitReportReporter -->
<testsuite hostname="MOHANKRISHNA" failures="0" tests="1" name="Day_39_Date_Time_Picker.Date_Picker" time="35.330" errors="0" timestamp="2021-10-12T10:34:03 IST" skipped="0">
  <testcase classname="Day_39_Date_Time_Picker.Date_Picker" name="Test2" time="35.330"/>
  <system-out/>
</testsuite> <!-- Day_39_Date_Time_Picker.Date_Picker -->
