<?xml version="1.0" encoding="UTF-8"?>
<!-- Generated by org.testng.reporters.JUnitReportReporter -->
<testsuite hostname="MOHANKRISHNA" failures="0" tests="1" name="Day_012_TestNG_Paraneters.TC02_Login_Static_Paarameters1" time="28.858" errors="0" timestamp="2021-09-28T14:48:46 IST" skipped="0">
  <testcase classname="Day_012_TestNG_Paraneters.TC02_Login_Static_Paarameters1" name="Login_Test" time="28.858"/>
  <system-out/>
</testsuite> <!-- Day_012_TestNG_Paraneters.TC02_Login_Static_Paarameters1 -->
