<?xml version="1.0" encoding="UTF-8"?>
<!-- Generated by org.testng.reporters.JUnitReportReporter -->
<testsuite hostname="MOHANKRISHNA" failures="0" tests="1" name="Day_022_Action_class.TC01_Action_single_user_interaction_action" time="15.443" errors="0" timestamp="2021-10-10T12:28:28 IST" skipped="0">
  <testcase classname="Day_022_Action_class.TC01_Action_single_user_interaction_action" name="Login_Test" time="15.443"/>
  <system-out/>
</testsuite> <!-- Day_022_Action_class.TC01_Action_single_user_interaction_action -->
