<?xml version="1.0" encoding="UTF-8"?>
<!-- Generated by org.testng.reporters.JUnitReportReporter -->
<testsuite hostname="MOHANKRISHNA" failures="0" tests="1" name="Day_35_Execute_Failed_TestCases.MercuryTest" time="15.089" errors="0" timestamp="2021-10-12T11:37:42 IST" skipped="0">
  <testcase classname="Day_35_Execute_Failed_TestCases.MercuryTest" name="Open_Mercury" time="15.089"/>
  <system-out/>
</testsuite> <!-- Day_35_Execute_Failed_TestCases.MercuryTest -->
