<?xml version="1.0" encoding="UTF-8"?>
<!-- Generated by org.testng.reporters.JUnitReportReporter -->
<testsuite hostname="MOHANKRISHNA" failures="0" tests="3" name="Day_012_TestNG_Paraneters.TC02_Login_Static_Paarameters2" time="131.026" errors="0" timestamp="2021-09-28T12:36:05 IST" skipped="0">
  <testcase classname="Day_012_TestNG_Paraneters.TC02_Login_Static_Paarameters2" name="Login_Test" time="30.796"/>
  <system-out/>
  <testcase classname="Day_012_TestNG_Paraneters.TC02_Login_Static_Paarameters2" name="Login_Test" time="70.027"/>
  <system-out/>
  <testcase classname="Day_012_TestNG_Paraneters.TC02_Login_Static_Paarameters2" name="Login_Test" time="30.203"/>
  <system-out/>
</testsuite> <!-- Day_012_TestNG_Paraneters.TC02_Login_Static_Paarameters2 -->
