<?xml version="1.0" encoding="UTF-8"?>
<!-- Generated by org.testng.reporters.JUnitReportReporter -->
<testsuite hostname="MOHANKRISHNA" failures="0" tests="1" name="Day_43_Smart_Search.TC015_ToolTip" time="17.092" errors="0" timestamp="2021-10-12T12:01:33 IST" skipped="0">
  <testcase classname="Day_43_Smart_Search.TC015_ToolTip" name="Test1" time="17.092"/>
  <system-out/>
</testsuite> <!-- Day_43_Smart_Search.TC015_ToolTip -->
