<?xml version="1.0" encoding="UTF-8"?>
<!-- Generated by org.testng.reporters.JUnitReportReporter -->
<testsuite hostname="MOHANKRISHNA" failures="0" tests="1" name="Day_43_Smart_Search.TC014_Startswith" time="29.656" errors="0" timestamp="2021-10-12T14:38:29 IST" skipped="0">
  <testcase classname="Day_43_Smart_Search.TC014_Startswith" name="Test1" time="29.656"/>
  <system-out/>
</testsuite> <!-- Day_43_Smart_Search.TC014_Startswith -->
