<?xml version="1.0" encoding="UTF-8"?>
<!-- Generated by org.testng.reporters.JUnitReportReporter -->
<testsuite hostname="MOHANKRISHNA" failures="0" tests="1" name="ABC_Demo9.TC01_Login_Test_With_Methods" time="91.098" errors="0" timestamp="2021-09-25T15:05:25 IST" skipped="0">
  <testcase classname="ABC_Demo9.TC01_Login_Test_With_Methods" name="Login_Test1" time="91.098"/>
  <system-out/>
</testsuite> <!-- ABC_Demo9.TC01_Login_Test_With_Methods -->
