<?xml version="1.0" encoding="UTF-8"?>
<!-- Generated by org.testng.reporters.JUnitReportReporter -->
<testsuite hostname="MOHANKRISHNA" failures="0" tests="1" name="Day_009_Extent_Reports.ExtentReport_Test" time="21.959" errors="0" timestamp="2021-09-26T22:25:55 IST" skipped="0">
  <testcase classname="Day_009_Extent_Reports.ExtentReport_Test" name="Report3_Test" time="21.959"/>
  <system-out/>
</testsuite> <!-- Day_009_Extent_Reports.ExtentReport_Test -->
