<?xml version="1.0" encoding="UTF-8"?>
<!-- Generated by org.testng.reporters.JUnitReportReporter -->
<testsuite hostname="MOHANKRISHNA" failures="0" tests="1" name="Day_028_WebTable_Examples.TC01_Add_Nationalities" time="30.124" errors="0" timestamp="2021-10-11T13:09:06 IST" skipped="0">
  <testcase classname="Day_028_WebTable_Examples.TC01_Add_Nationalities" name="TC01_Nationality" time="30.124"/>
  <system-out/>
</testsuite> <!-- Day_028_WebTable_Examples.TC01_Add_Nationalities -->
