<?xml version="1.0" encoding="UTF-8"?>
<!-- Generated by org.testng.reporters.JUnitReportReporter -->
<testsuite hostname="MOHANKRISHNA" failures="0" tests="2" name="Day_014_ParallelMethods.OrangeHRMTest3" time="44.977" errors="0" timestamp="2021-09-30T12:17:38 IST" skipped="0">
  <testcase classname="Day_014_ParallelMethods.OrangeHRMTest3" name="TC02_Test2" time="8.600"/>
  <system-out/>
  <testcase classname="Day_014_ParallelMethods.OrangeHRMTest3" name="TC01_Test1" time="36.377"/>
  <system-out/>
</testsuite> <!-- Day_014_ParallelMethods.OrangeHRMTest3 -->
