<?xml version="1.0" encoding="UTF-8"?>
<!-- Generated by org.testng.reporters.JUnitReportReporter -->
<testsuite hostname="MOHANKRISHNA" failures="0" tests="2" name="Day_014_ParallelMethods.AllTests" time="31.754" errors="0" timestamp="2021-09-30T12:36:05 IST" skipped="0">
  <testcase classname="Day_014_ParallelMethods.AllTests" name="Mercury" time="15.793"/>
  <system-out/>
  <testcase classname="Day_014_ParallelMethods.AllTests" name="OrangeHRM" time="15.961"/>
  <system-out/>
</testsuite> <!-- Day_014_ParallelMethods.AllTests -->
