<?xml version="1.0" encoding="UTF-8"?>
<!-- Generated by org.testng.reporters.JUnitReportReporter -->
<testsuite hostname="DESKTOP-VL2N6EH" failures="0" tests="1" name="Day_016_ParallelClasses.MercuryTest" time="16.337" errors="0" timestamp="2020-03-02T18:28:34 IST" skipped="0">
  <testcase classname="Day_016_ParallelClasses.MercuryTest" name="Open_Mercury" time="16.337"/>
</testsuite> <!-- Day_016_ParallelClasses.MercuryTest -->
